Added Component: Designator=C1(CAP0805)
Add component. Clean all parameters for all variants
Add component (AddParameter): Name = "Val"; Value = "100nF"; VariantName = "[No Variations]"
Added Component: Designator=C2(CAP0805)
Add component. Clean all parameters for all variants
Add component (AddParameter): Name = "Val"; Value = "20pF"; VariantName = "[No Variations]"
Added Component: Designator=C3(CAP0805)
Add component. Clean all parameters for all variants
Add component (AddParameter): Name = "Val"; Value = "20pF"; VariantName = "[No Variations]"
Added Component: Designator=HL1(0805_LED)
Add component. Clean all parameters for all variants
Add component (AddParameter): Name = "Type"; Value = ""; VariantName = "[No Variations]"
Added Component: Designator=HL2(0805_LED)
Add component. Clean all parameters for all variants
Add component (AddParameter): Name = "Type"; Value = ""; VariantName = "[No Variations]"
Added Component: Designator=J1(MINI-USB_2.0)
Add component. Clean all parameters for all variants
Added Component: Designator=R1(RES0805)
Add component. Clean all parameters for all variants
Add component (AddParameter): Name = "Val"; Value = "1k"; VariantName = "[No Variations]"
Added Component: Designator=R2(RES0805)
Add component. Clean all parameters for all variants
Add component (AddParameter): Name = "Val"; Value = "1k"; VariantName = "[No Variations]"
Added Component: Designator=R3(RES0805)
Add component. Clean all parameters for all variants
Add component (AddParameter): Name = "Val"; Value = "1k"; VariantName = "[No Variations]"
Added Component: Designator=R4(RES0805)
Add component. Clean all parameters for all variants
Add component (AddParameter): Name = "Val"; Value = "10k"; VariantName = "[No Variations]"
Added Component: Designator=R5(RES0805)
Add component. Clean all parameters for all variants
Add component (AddParameter): Name = "Val"; Value = "560"; VariantName = "[No Variations]"
Added Component: Designator=SW1(SMD_BUT_6.3mm)
Add component. Clean all parameters for all variants
Add component (AddParameter): Name = "Actuator Length"; Value = "1.07mm"; VariantName = "[No Variations]"
Add component (AddParameter): Name = "Actuator Material"; Value = "Polyamide"; VariantName = "[No Variations]"
Add component (AddParameter): Name = "Case\/Package"; Value = "SMD/SMT"; VariantName = "[No Variations]"
Add component (AddParameter): Name = "Contact Current Rating"; Value = "50mA"; VariantName = "[No Variations]"
Add component (AddParameter): Name = "Contact Material"; Value = "Brass"; VariantName = "[No Variations]"
Add component (AddParameter): Name = "Contact Plating"; Value = "Silver"; VariantName = "[No Variations]"
Add component (AddParameter): Name = "Contact Resistance"; Value = "100mOhm"; VariantName = "[No Variations]"
Add component (AddParameter): Name = "Current Rating"; Value = "50mA"; VariantName = "[No Variations]"
Add component (AddParameter): Name = "Datasheet URL"; Value = "http://www.te.com/commerce/DocumentDelivery/DDEController?Action=showdoc&DocId=Customer+Drawing%7F1437566-3%7FC2%7Fpdf%7FEnglish%7FENG_CD_1437566-3_C2_1437566_3_1_c.dwg.pdf%7F1437566-3"; VariantName = "[No Variations]"
Add component (AddParameter): Name = "Datasheet Version"; Value = "Rev. C2, 08/2014"; VariantName = "[No Variations]"
Add component (AddParameter): Name = "Electrical Life"; Value = "20000Cycles"; VariantName = "[No Variations]"
Add component (AddParameter): Name = "ELV"; Value = "Compliant"; VariantName = "[No Variations]"
Add component (AddParameter): Name = "Illumination Type"; Value = "Illuminated"; VariantName = "[No Variations]"
Add component (AddParameter): Name = "Lead Free"; Value = "LeadFree"; VariantName = "[No Variations]"
Add component (AddParameter): Name = "Manufacturer"; Value = "TE Connectivity"; VariantName = "[No Variations]"
Add component (AddParameter): Name = "Manufacturer URL"; Value = "http://www.te.com/"; VariantName = "[No Variations]"
Add component (AddParameter): Name = "Max Operating Temperature"; Value = "85degC"; VariantName = "[No Variations]"
Add component (AddParameter): Name = "Max Voltage Rating (DC)"; Value = "12V"; VariantName = "[No Variations]"
Add component (AddParameter): Name = "Mechanical Life"; Value = "20000Cycles"; VariantName = "[No Variations]"
Add component (AddParameter): Name = "Min Operating Temperature"; Value = "-35degC"; VariantName = "[No Variations]"
Add component (AddParameter): Name = "Mount"; Value = "SurfaceMount"; VariantName = "[No Variations]"
Add component (AddParameter): Name = "Mounting Technology"; Value = "SurfaceMount"; VariantName = "[No Variations]"
Add component (AddParameter): Name = "Operating Force"; Value = "180gf"; VariantName = "[No Variations]"
Add component (AddParameter): Name = "Orientation"; Value = "Straight"; VariantName = "[No Variations]"
Add component (AddParameter): Name = "Package Description"; Value = "2-Pin Surface Mount Device, Body 6 x 3.5 mm, Pitch 9.19 mm"; VariantName = "[No Variations]"
Add component (AddParameter): Name = "Package Quantity"; Value = "1000"; VariantName = "[No Variations]"
Add component (AddParameter): Name = "Package Reference"; Value = "FSMSM"; VariantName = "[No Variations]"
Add component (AddParameter): Name = "Packaging"; Value = "LoosePiece"; VariantName = "[No Variations]"
Add component (AddParameter): Name = "REACH SVHC"; Value = "Unknown"; VariantName = "[No Variations]"
Add component (AddParameter): Name = "RoHSCompliant"; Value = "true"; VariantName = "[No Variations]"
Add component (AddParameter): Name = "Switch Travel"; Value = "0.25mm"; VariantName = "[No Variations]"
Add component (AddParameter): Name = "Termination"; Value = "GullWing"; VariantName = "[No Variations]"
Add component (AddParameter): Name = "Throw Configuration"; Value = "SPST"; VariantName = "[No Variations]"
Add component (AddParameter): Name = "Voltage Rating (DC)"; Value = "24V"; VariantName = "[No Variations]"
Added Component: Designator=U1(STM-TSSOP20_N)
Add component. Clean all parameters for all variants
Add component (AddParameter): Name = "ComponentLink1Description"; Value = "Manufacturer URL"; VariantName = "[No Variations]"
Add component (AddParameter): Name = "ComponentLink1URL"; Value = "http://www.st.com/"; VariantName = "[No Variations]"
Add component (AddParameter): Name = "ComponentLink2Description"; Value = "Datasheet"; VariantName = "[No Variations]"
Add component (AddParameter): Name = "ComponentLink2URL"; Value = "http://www.st.com/st-web-ui/static/active/en/resource/technical/document/datasheet/DM00088500.pdf"; VariantName = "[No Variations]"
Add component (AddParameter): Name = "Core"; Value = "ARM Cortex-M0"; VariantName = "[No Variations]"
Add component (AddParameter): Name = "D/A Converter"; Value = ""; VariantName = "[No Variations]"
Add component (AddParameter): Name = "DatasheetVersion"; Value = "Rev. 2"; VariantName = "[No Variations]"
Add component (AddParameter): Name = "FLASH Size (Prog) (kB)"; Value = "16"; VariantName = "[No Variations]"
Add component (AddParameter): Name = "I/Os (High Current)"; Value = "15"; VariantName = "[No Variations]"
Add component (AddParameter): Name = "Internal RAM Size (kB)"; Value = "4"; VariantName = "[No Variations]"
Add component (AddParameter): Name = "Mounting Technology"; Value = "Surface Mount"; VariantName = "[No Variations]"
Add component (AddParameter): Name = "Operating Frequency(F) (Processor speed) (MHz)"; Value = "48"; VariantName = "[No Variations]"
Add component (AddParameter): Name = "Package Description"; Value = "20-Pin Thin Shrink Small Outline Package, Body 6.5 x 4.4 mm, Pitch 0.65 mm"; VariantName = "[No Variations]"
Add component (AddParameter): Name = "Package Reference"; Value = "TSSOP20"; VariantName = "[No Variations]"
Add component (AddParameter): Name = "Packing"; Value = "Tape and Reel"; VariantName = "[No Variations]"
Add component (AddParameter): Name = "Supply Voltage(Vcc) min (V)"; Value = "2.4"; VariantName = "[No Variations]"
Added Component: Designator=U2(SOT223-4)
Add component. Clean all parameters for all variants
Added Component: Designator=X1(Crystal_SMD)
Add component. Clean all parameters for all variants
Add component (AddParameter): Name = "Brand"; Value = "ABRACON"; VariantName = "[No Variations]"
Add component (AddParameter): Name = "Case Height"; Value = "4.2mm"; VariantName = "[No Variations]"
Add component (AddParameter): Name = "Case Length"; Value = "11.4mm"; VariantName = "[No Variations]"
Add component (AddParameter): Name = "Case Width"; Value = "4.7mm"; VariantName = "[No Variations]"
Add component (AddParameter): Name = "Datasheet URL"; Value = "http://www.abracon.com/Resonators/abls.pdf"; VariantName = "[No Variations]"
Add component (AddParameter): Name = "Datasheet Version"; Value = "04/2011"; VariantName = "[No Variations]"
Add component (AddParameter): Name = "Dimensions"; Value = "4.7mmWx11.4mmLx4.2mmH"; VariantName = "[No Variations]"
Add component (AddParameter): Name = "ESR"; Value = "80Ohms"; VariantName = "[No Variations]"
Add component (AddParameter): Name = "Factory Pack Quantity"; Value = "1000"; VariantName = "[No Variations]"
Add component (AddParameter): Name = "Frequency"; Value = "8MHz"; VariantName = "[No Variations]"
Add component (AddParameter): Name = "Frequency Stability"; Value = "50PPM"; VariantName = "[No Variations]"
Add component (AddParameter): Name = "Load Capacitance"; Value = "18pF"; VariantName = "[No Variations]"
Add component (AddParameter): Name = "Manufacturer"; Value = "ABRACON"; VariantName = "[No Variations]"
Add component (AddParameter): Name = "Manufacturer URL"; Value = "http://www.abracon.com/"; VariantName = "[No Variations]"
Add component (AddParameter): Name = "Mounting Style"; Value = "SMD/SMT"; VariantName = "[No Variations]"
Add component (AddParameter): Name = "Mounting Technology"; Value = "SurfaceMount"; VariantName = "[No Variations]"
Add component (AddParameter): Name = "Operating Temperature Range"; Value = "-20Cto+70C"; VariantName = "[No Variations]"
Add component (AddParameter): Name = "Package / Case"; Value = "HC-49/US"; VariantName = "[No Variations]"
Add component (AddParameter): Name = "Package Description"; Value = "2-Pin Surface Mount Device, Body 11.4 x 4.7 mm"; VariantName = "[No Variations]"
Add component (AddParameter): Name = "Package Reference"; Value = "ABLS-14.7456MHZ-B2-T"; VariantName = "[No Variations]"
Add component (AddParameter): Name = "Package URL"; Value = "http://www.abracon.com/Support/PackageDrawing/Resonators/ABLS-2D.pdf"; VariantName = "[No Variations]"
Add component (AddParameter): Name = "Packaging"; Value = "Reel"; VariantName = "[No Variations]"
Add component (AddParameter): Name = "Product Category"; Value = "Crystals"; VariantName = "[No Variations]"
Add component (AddParameter): Name = "RoHS"; Value = "Details"; VariantName = "[No Variations]"
Add component (AddParameter): Name = "Series"; Value = "ABLS"; VariantName = "[No Variations]"
Add component (AddParameter): Name = "Termination Style"; Value = "SMD/SMT"; VariantName = "[No Variations]"
Add component (AddParameter): Name = "Tolerance"; Value = "30PPM"; VariantName = "[No Variations]"
Add component (AddParameter): Name = "Type"; Value = "LowProfileMicroprocessorCrystal"; VariantName = "[No Variations]"
Added Component: Designator=XP1(PLS-02)
Add component. Clean all parameters for all variants
Added Component: Designator=XP2(PLS-12)
Add component. Clean all parameters for all variants
Added Component: Designator=XP3(PLS-12)
Add component. Clean all parameters for all variants
Added Component: Designator=XP4(PLS-04)
Add component. Clean all parameters for all variants
Added Component: Designator=XP5(PLS-04)
Add component. Clean all parameters for all variants
Added Component: Designator=XP6(PLS-02)
Add component. Clean all parameters for all variants
Added Pin To Net: NetName=+3.3 Pin=C1-2
Added Pin To Net: NetName=+3.3 Pin=R1-2
Added Pin To Net: NetName=+3.3 Pin=R2-2
Added Pin To Net: NetName=+3.3 Pin=R4-2
Added Pin To Net: NetName=+3.3 Pin=U1-5
Added Pin To Net: NetName=+3.3 Pin=U1-16
Added Pin To Net: NetName=+3.3 Pin=U2-2
Added Pin To Net: NetName=+3.3 Pin=U2-4
Added Pin To Net: NetName=+3.3 Pin=XP3-9
Added Pin To Net: NetName=+3.3 Pin=XP3-10
Added Pin To Net: NetName=+3.3 Pin=XP4-1
Added Pin To Net: NetName=+3.3 Pin=XP5-1
Added Net: Name=+3.3
Added Pin To Net: NetName=+5 Pin=J1-1
Added Pin To Net: NetName=+5 Pin=U2-3
Added Pin To Net: NetName=+5 Pin=XP2-11
Added Pin To Net: NetName=+5 Pin=XP2-12
Added Net: Name=+5
Added Pin To Net: NetName=BOOT0 Pin=R5-1
Added Pin To Net: NetName=BOOT0 Pin=U1-1
Added Pin To Net: NetName=BOOT0 Pin=XP2-1
Added Net: Name=BOOT0
Added Pin To Net: NetName=GND Pin=C1-1
Added Pin To Net: NetName=GND Pin=C2-1
Added Pin To Net: NetName=GND Pin=C3-1
Added Pin To Net: NetName=GND Pin=HL1-2
Added Pin To Net: NetName=GND Pin=J1-5
Added Pin To Net: NetName=GND Pin=J1-6
Added Pin To Net: NetName=GND Pin=J1-7
Added Pin To Net: NetName=GND Pin=J1-8
Added Pin To Net: NetName=GND Pin=J1-9
Added Pin To Net: NetName=GND Pin=SW1-1
Added Pin To Net: NetName=GND Pin=U1-15
Added Pin To Net: NetName=GND Pin=U2-1
Added Pin To Net: NetName=GND Pin=XP1-2
Added Pin To Net: NetName=GND Pin=XP3-11
Added Pin To Net: NetName=GND Pin=XP3-12
Added Pin To Net: NetName=GND Pin=XP4-4
Added Pin To Net: NetName=GND Pin=XP5-4
Added Pin To Net: NetName=GND Pin=XP6-2
Added Net: Name=GND
Added Pin To Net: NetName=NetHL1_1 Pin=HL1-1
Added Pin To Net: NetName=NetHL1_1 Pin=R1-1
Added Net: Name=NetHL1_1
Added Pin To Net: NetName=NetHL2_1 Pin=HL2-1
Added Pin To Net: NetName=NetHL2_1 Pin=R3-1
Added Net: Name=NetHL2_1
Added Pin To Net: NetName=NetHL2_2 Pin=HL2-2
Added Pin To Net: NetName=NetHL2_2 Pin=XP1-1
Added Net: Name=NetHL2_2
Added Pin To Net: NetName=NetR4_1 Pin=R4-1
Added Pin To Net: NetName=NetR4_1 Pin=R5-2
Added Pin To Net: NetName=NetR4_1 Pin=XP6-1
Added Net: Name=NetR4_1
Added Pin To Net: NetName=NRST Pin=R2-1
Added Pin To Net: NetName=NRST Pin=SW1-2
Added Pin To Net: NetName=NRST Pin=U1-4
Added Pin To Net: NetName=NRST Pin=XP2-4
Added Net: Name=NRST
Added Pin To Net: NetName=OSC_IN Pin=C2-2
Added Pin To Net: NetName=OSC_IN Pin=U1-2
Added Pin To Net: NetName=OSC_IN Pin=X1-1
Added Pin To Net: NetName=OSC_IN Pin=XP2-2
Added Net: Name=OSC_IN
Added Pin To Net: NetName=OSC_OUT Pin=C3-2
Added Pin To Net: NetName=OSC_OUT Pin=U1-3
Added Pin To Net: NetName=OSC_OUT Pin=X1-2
Added Pin To Net: NetName=OSC_OUT Pin=XP2-3
Added Net: Name=OSC_OUT
Added Pin To Net: NetName=PA0 Pin=U1-6
Added Pin To Net: NetName=PA0 Pin=XP2-6
Added Net: Name=PA0
Added Pin To Net: NetName=PA1 Pin=U1-7
Added Pin To Net: NetName=PA1 Pin=XP2-7
Added Net: Name=PA1
Added Pin To Net: NetName=PA2 Pin=U1-8
Added Pin To Net: NetName=PA2 Pin=XP2-8
Added Net: Name=PA2
Added Pin To Net: NetName=PA3 Pin=U1-9
Added Pin To Net: NetName=PA3 Pin=XP2-9
Added Net: Name=PA3
Added Pin To Net: NetName=PA4 Pin=R3-2
Added Pin To Net: NetName=PA4 Pin=U1-10
Added Pin To Net: NetName=PA4 Pin=XP2-10
Added Net: Name=PA4
Added Pin To Net: NetName=PA5 Pin=U1-11
Added Pin To Net: NetName=PA5 Pin=XP3-8
Added Net: Name=PA5
Added Pin To Net: NetName=PA6 Pin=U1-12
Added Pin To Net: NetName=PA6 Pin=XP3-7
Added Net: Name=PA6
Added Pin To Net: NetName=PA7 Pin=U1-13
Added Pin To Net: NetName=PA7 Pin=XP3-6
Added Net: Name=PA7
Added Pin To Net: NetName=PB1 Pin=U1-14
Added Pin To Net: NetName=PB1 Pin=XP3-5
Added Net: Name=PB1
Added Pin To Net: NetName=Rx Pin=U1-17
Added Pin To Net: NetName=Rx Pin=XP3-3
Added Pin To Net: NetName=Rx Pin=XP4-2
Added Net: Name=Rx
Added Pin To Net: NetName=SWCLK Pin=U1-20
Added Pin To Net: NetName=SWCLK Pin=XP3-1
Added Pin To Net: NetName=SWCLK Pin=XP5-3
Added Net: Name=SWCLK
Added Pin To Net: NetName=SWDIO Pin=U1-19
Added Pin To Net: NetName=SWDIO Pin=XP3-2
Added Pin To Net: NetName=SWDIO Pin=XP5-2
Added Net: Name=SWDIO
Added Pin To Net: NetName=Tx Pin=U1-18
Added Pin To Net: NetName=Tx Pin=XP3-4
Added Pin To Net: NetName=Tx Pin=XP4-3
Added Net: Name=Tx
Added Class: Name=Schematic
Added Room: Name=Schematic
